[01m[K/local/vol00/home/vpetrov/dev/smlk_bsd_auv/bsd_auv_tr_sim_v0_2/src/auv_imp/src/auv_imp.cpp:[m[K In member function â€˜[01m[Kvoid HeartbeatPublisher::run()[m[Kâ€™:
[01m[K/local/vol00/home/vpetrov/dev/smlk_bsd_auv/bsd_auv_tr_sim_v0_2/src/auv_imp/src/auv_imp.cpp:70:28:[m[K [01;31m[Kerror: [m[Kâ€˜[01m[Knh[m[Kâ€™ was not declared in this scope
   70 |         ros::Timer timer = [01;31m[Knh[m[K.createTimer(ros::Duration(0.1), &HeartbeatPublisher::send_heartbeat_msg, this);
      |                            [01;31m[K^~[m[K
make[2]: *** [CMakeFiles/auv_imp.dir/build.make:63: CMakeFiles/auv_imp.dir/src/auv_imp.cpp.o] Error 1
make[1]: *** [CMakeFiles/Makefile2:189: CMakeFiles/auv_imp.dir/all] Error 2
make: *** [Makefile:141: all] Error 2
