[  0%] Built target geometry_msgs_generate_messages_eus
[  0%] Built target std_msgs_generate_messages_lisp
[  0%] Built target geometry_msgs_generate_messages_py
[  0%] Built target roscpp_generate_messages_eus
[  0%] Built target geometry_msgs_generate_messages_cpp
[  0%] Built target roscpp_generate_messages_cpp
[  0%] Built target avl_bsd_translator_generate_messages_py
[  0%] Built target geometry_msgs_generate_messages_nodejs
[  0%] Built target avl_bsd_translator_generate_messages_cpp
[  0%] Built target avl_bsd_translator_generate_messages_lisp
[  0%] Built target rosgraph_msgs_generate_messages_py
[  0%] Built target avl_bsd_translator_generate_messages_nodejs
[  0%] Built target rosgraph_msgs_generate_messages_nodejs
[  0%] Built target roscpp_generate_messages_lisp
[  0%] Built target std_msgs_generate_messages_eus
[  0%] Built target roscpp_generate_messages_nodejs
[  0%] Built target rosgraph_msgs_generate_messages_cpp
[  0%] Built target roscpp_generate_messages_py
[  0%] Built target rosgraph_msgs_generate_messages_lisp
[  0%] Built target rosgraph_msgs_generate_messages_eus
[  0%] Built target geometry_msgs_generate_messages_lisp
[  0%] Built target avl_bsd_translator_generate_messages_eus
[  0%] Built target std_msgs_generate_messages_nodejs
[  0%] Built target std_msgs_generate_messages_py
[  0%] Built target std_msgs_generate_messages_cpp
[35m[1mScanning dependencies of target auv_imp[0m
[ 50%] [32mBuilding CXX object CMakeFiles/auv_imp.dir/src/auv_imp.cpp.o[0m
[01m[K/local/vol00/home/vpetrov/dev/smlk_bsd_auv/bsd_auv_tr_sim_v0_2/src/auv_imp/src/auv_imp.cpp:[m[K In member function â€˜[01m[Kvoid AUVNode::update_heartbeat()[m[Kâ€™:
[01m[K/local/vol00/home/vpetrov/dev/smlk_bsd_auv/bsd_auv_tr_sim_v0_2/src/auv_imp/src/auv_imp.cpp:114:68:[m[K [01;31m[Kerror: [m[Kâ€˜[01m[Kclass ros::Publisher[m[Kâ€™ has no member named â€˜[01m[KisValid[m[Kâ€™
  114 |         if (heartbeat_pub.getNumSubscribers() > 0 && heartbeat_pub.[01;31m[KisValid[m[K()) {
      |                                                                    [01;31m[K^~~~~~~[m[K
make[2]: *** [CMakeFiles/auv_imp.dir/build.make:63: CMakeFiles/auv_imp.dir/src/auv_imp.cpp.o] Error 1
make[1]: *** [CMakeFiles/Makefile2:189: CMakeFiles/auv_imp.dir/all] Error 2
make: *** [Makefile:141: all] Error 2
